2019-06-25T18:07:03+00:00 - DEBUG Constructed a winston logger with the specified targets:
	{"consolelogger":{"target":"console","level":"info"},"filelogger":{"target":"daily-rotate-file","level":"debug","filename":"log/caliper-%DATE%.log","datePattern":"YYYY-MM-DD-HH","maxSize":"5m","zippedArchive":true}}

2019-06-25T18:07:04+00:00 - INFO [caliper-flow]: ####### Caliper Test ####### 

2019-06-25T18:07:04+00:00 - INFO [caliper-utils]: Executing command: cd /home/james/Git/dissertation/hyperledger/caliper;docker-compose -f network/fabric-v1.3/2org1peercouchdb/docker-compose.yaml up -d;sleep 3s 

2019-06-25T18:07:09+00:00 - INFO [composer.js]: Initializing target platform configuration 

2019-06-25T18:07:13+00:00 - INFO [composer.js]: Deploying Composer 

2019-06-25T18:08:15+00:00 - INFO [composer.js]: Composer deployment complete 

2019-06-25T18:08:15+00:00 - INFO [caliper-flow]: Started monitor successfully 

2019-06-25T18:08:15+00:00 - INFO [defaultTest]: ####### Testing 'basic-sample-network' ####### 

2019-06-25T18:08:15+00:00 - INFO [defaultTest]: ------ Test round 1 ------ 

2019-06-25T18:08:15+00:00 - INFO [client-util.js]: All clients ready, starting test phase 

2019-06-25T18:08:16+00:00 - DEBUG Constructed a winston logger with the specified targets:
	{"consolelogger":{"target":"console","level":"info"},"filelogger":{"target":"daily-rotate-file","level":"debug","filename":"log/caliper-%DATE%.log","datePattern":"YYYY-MM-DD-HH","maxSize":"5m","zippedArchive":true}}

2019-06-25T18:08:16+00:00 - DEBUG [local-client.js]: doTest() with:
	{"type":"test","label":"basic-sample-network","rateControl":{"type":"fixed-rate","opts":{"tps":25}},"trim":0,"args":{"testAssets":25},"cb":"benchmark/composer/composer-samples/basic-sample-network.js","config":"/home/james/Git/dissertation/hyperledger/fabric/1org-network/composer/composer.json","root":"/home/james/Git/dissertation/hyperledger/caliper","numb":500,"txFile":{"roundLength":1,"roundCurrent":0,"readWrite":"no"},"roundIdx":1,"totalClients":1,"clients":1,"clientargs":{},"clientIdx":0}

2019-06-25T18:08:16+00:00 - INFO [local-client.js]: txUpdateTime: 1000 

2019-06-25T18:08:16+00:00 - INFO [composer.js]: getting  context for:  basic-sample-network 

2019-06-25T18:08:16+00:00 - INFO [demo.js]: [Transaction Info] - Submitted: 0 Succ: 0 Fail:0 Unfinished:0 

2019-06-25T18:08:17+00:00 - INFO [local-client.js]: Info: client 20763 start test runFixedNumber():Basic Sample Network Performance Test 

2019-06-25T18:08:17+00:00 - DEBUG [rateControl.js]: Creating rate controller for client#0 for round#1
	{"type":"fixed-rate","opts":{"tps":25}}

2019-06-25T18:08:17+00:00 - INFO [demo.js]: [Transaction Info] - Submitted: 0 Succ: 0 Fail:0 Unfinished:0 

2019-06-25T18:08:18+00:00 - INFO [demo.js]: [Transaction Info] - Submitted: 21 Succ: 14 Fail:0 Unfinished:7 

2019-06-25T18:08:19+00:00 - INFO [demo.js]: [Transaction Info] - Submitted: 46 Succ: 25 Fail:20 Unfinished:1 

2019-06-25T18:08:20+00:00 - INFO [demo.js]: [Transaction Info] - Submitted: 71 Succ: 25 Fail:46 Unfinished:0 

2019-06-25T18:08:21+00:00 - INFO [demo.js]: [Transaction Info] - Submitted: 96 Succ: 25 Fail:71 Unfinished:0 

2019-06-25T18:08:22+00:00 - INFO [demo.js]: [Transaction Info] - Submitted: 121 Succ: 25 Fail:96 Unfinished:0 

2019-06-25T18:08:23+00:00 - INFO [demo.js]: [Transaction Info] - Submitted: 146 Succ: 25 Fail:121 Unfinished:0 

2019-06-25T18:08:24+00:00 - INFO [demo.js]: [Transaction Info] - Submitted: 171 Succ: 25 Fail:146 Unfinished:0 

2019-06-25T18:08:25+00:00 - INFO [demo.js]: [Transaction Info] - Submitted: 196 Succ: 25 Fail:171 Unfinished:0 

2019-06-25T18:08:26+00:00 - INFO [demo.js]: [Transaction Info] - Submitted: 221 Succ: 25 Fail:196 Unfinished:0 

2019-06-25T18:08:27+00:00 - INFO [demo.js]: [Transaction Info] - Submitted: 246 Succ: 25 Fail:221 Unfinished:0 

2019-06-25T18:08:28+00:00 - INFO [demo.js]: [Transaction Info] - Submitted: 271 Succ: 25 Fail:246 Unfinished:0 

2019-06-25T18:08:29+00:00 - INFO [demo.js]: [Transaction Info] - Submitted: 296 Succ: 25 Fail:271 Unfinished:0 

2019-06-25T18:08:30+00:00 - INFO [demo.js]: [Transaction Info] - Submitted: 321 Succ: 25 Fail:296 Unfinished:0 

2019-06-25T18:08:31+00:00 - INFO [demo.js]: [Transaction Info] - Submitted: 346 Succ: 25 Fail:321 Unfinished:0 

2019-06-25T18:08:32+00:00 - INFO [demo.js]: [Transaction Info] - Submitted: 371 Succ: 25 Fail:346 Unfinished:0 

2019-06-25T18:08:33+00:00 - INFO [demo.js]: [Transaction Info] - Submitted: 396 Succ: 25 Fail:371 Unfinished:0 

2019-06-25T18:08:34+00:00 - INFO [demo.js]: [Transaction Info] - Submitted: 421 Succ: 25 Fail:396 Unfinished:0 

2019-06-25T18:08:35+00:00 - INFO [demo.js]: [Transaction Info] - Submitted: 446 Succ: 25 Fail:421 Unfinished:0 

2019-06-25T18:08:36+00:00 - INFO [demo.js]: [Transaction Info] - Submitted: 471 Succ: 25 Fail:446 Unfinished:0 

2019-06-25T18:08:37+00:00 - DEBUG [report-builder]: r.create.max: 1561486117.517 r.create.min: 1561486097.557 r.final.max: 1561486098.711 r.final.min: 1561486097.894 r.final.last: 1561486117.531 

2019-06-25T18:08:37+00:00 - DEBUG [report-builder]:  throughput for only success time computed: 21.7 

2019-06-25T18:08:37+00:00 - DEBUG [report-builder]: sendTransactionProposal: 0ms length: 500 

2019-06-25T18:08:37+00:00 - DEBUG [report-builder]: sendTransaction: 0ms 

2019-06-25T18:08:37+00:00 - DEBUG [report-builder]: invokeLantency: 0ms 

2019-06-25T18:08:37+00:00 - INFO [report-builder]: ###test result:### 

2019-06-25T18:08:37+00:00 - INFO [report-builder]: 
+----------------------+------+------+-----------+-------------+-------------+-------------+------------+
| Name                 | Succ | Fail | Send Rate | Max Latency | Min Latency | Avg Latency | Throughput |
|----------------------|------|------|-----------|-------------|-------------|-------------|------------|
| basic-sample-network | 25   | 475  | 25.1 tps  | 0.34 s      | 0.09 s      | 0.22 s      | 1.3 tps    |
+----------------------+------+------+-----------+-------------+-------------+-------------+------------+
 

2019-06-25T18:08:37+00:00 - INFO [report-builder]: ### resource stats ### 

2019-06-25T18:08:37+00:00 - INFO [report-builder]: 
+---------+-----------------------------------+-------------+-------------+----------+----------+------------+-------------+-----------+------------+
| TYPE    | NAME                              | Memory(max) | Memory(avg) | CPU(max) | CPU(avg) | Traffic In | Traffic Out | Disc Read | Disc Write |
|---------|-----------------------------------|-------------|-------------|----------|----------|------------|-------------|-----------|------------|
| Process | node local-client.js(avg)         | -           | -           | NaN%     | NaN%     | -          | -           | -         | -          |
|---------|-----------------------------------|-------------|-------------|----------|----------|------------|-------------|-----------|------------|
| Docker  | dev-peer0.org1.example.co...0.1.0 | 102.0MB     | 77.1MB      | 8.41%    | 0.89%    | 140B       | 0B          | 0B        | 0B         |
|---------|-----------------------------------|-------------|-------------|----------|----------|------------|-------------|-----------|------------|
| Docker  | dev-peer0.org1.example.co...0.1.0 | 105.7MB     | 87.7MB      | 49.87%   | 30.10%   | 2.0MB      | 968.5KB     | 0B        | 0B         |
|---------|-----------------------------------|-------------|-------------|----------|----------|------------|-------------|-----------|------------|
| Docker  | peer0.org2.example.com            | 12.5MB      | 12.4MB      | 3.02%    | 2.55%    | 0B         | 0B          | 0B        | 0B         |
|---------|-----------------------------------|-------------|-------------|----------|----------|------------|-------------|-----------|------------|
| Docker  | peer0.org1.example.com            | 481.8MB     | 480.5MB     | 40.19%   | 22.80%   | 4.3MB      | 4.9MB       | 0B        | 304.0KB    |
|---------|-----------------------------------|-------------|-------------|----------|----------|------------|-------------|-----------|------------|
| Docker  | ca.org2.example.com               | 11.1MB      | 11.1MB      | 0.00%    | 0.00%    | 0B         | 0B          | 0B        | 0B         |
|---------|-----------------------------------|-------------|-------------|----------|----------|------------|-------------|-----------|------------|
| Docker  | couchdb.org2.example.com          | 108.3MB     | 107.9MB     | 3.52%    | 0.95%    | 0B         | 0B          | 0B        | 0B         |
|---------|-----------------------------------|-------------|-------------|----------|----------|------------|-------------|-----------|------------|
| Docker  | ca.org1.example.com               | 10.6MB      | 10.6MB      | 0.00%    | 0.00%    | 0B         | 0B          | 0B        | 0B         |
|---------|-----------------------------------|-------------|-------------|----------|----------|------------|-------------|-----------|------------|
| Docker  | orderer.example.com               | 14.8MB      | 14.8MB      | 7.75%    | 0.71%    | 193.1KB    | 198.5KB     | 0B        | 220.0KB    |
|---------|-----------------------------------|-------------|-------------|----------|----------|------------|-------------|-----------|------------|
| Docker  | couchdb.org1.example.com          | 120.7MB     | 119.8MB     | 92.37%   | 37.39%   | 913.6KB    | 2.4MB       | 0B        | 284.0KB    |
+---------+-----------------------------------+-------------+-------------+----------+----------+------------+-------------+-----------+------------+
 

2019-06-25T18:08:37+00:00 - INFO [defaultTest]: ------ Passed 'basic-sample-network' testing ------ 

2019-06-25T18:08:37+00:00 - INFO [defaultTest]: Waiting 5 seconds for the next round... 

2019-06-25T18:08:37+00:00 - INFO [demo.js]: [Transaction Info] - Submitted: 500 Succ: 25 Fail:475 Unfinished:0 

2019-06-25T18:08:38+00:00 - INFO [demo.js]: [Transaction Info] - Submitted: 500 Succ: 25 Fail:475 Unfinished:0 

2019-06-25T18:08:39+00:00 - INFO [demo.js]: [Transaction Info] - Submitted: 500 Succ: 25 Fail:475 Unfinished:0 

2019-06-25T18:08:40+00:00 - INFO [demo.js]: [Transaction Info] - Submitted: 500 Succ: 25 Fail:475 Unfinished:0 

2019-06-25T18:08:41+00:00 - INFO [demo.js]: [Transaction Info] - Submitted: 500 Succ: 25 Fail:475 Unfinished:0 

2019-06-25T18:08:42+00:00 - ERROR [defaultTest]: ------ Failed 'basic-sample-network' testing with the following error ------
    TypeError: Cannot read property 'restart' of undefined
    at DefaultTest.runTestRounds (/home/james/.nvm/versions/node/v8.16.0/lib/node_modules/caliper-cli/node_modules/caliper-core/lib/test/defaultTest.js:135:40)
    at <anonymous> 

2019-06-25T18:08:42+00:00 - INFO [defaultTest]: ####### Testing 'basic-sample-network' ####### 

2019-06-25T18:08:42+00:00 - INFO [defaultTest]: ------ Test round 2 ------ 

2019-06-25T18:08:42+00:00 - INFO [client-util.js]: All clients ready, starting test phase 

2019-06-25T18:08:42+00:00 - DEBUG [local-client.js]: doTest() with:
	{"type":"test","label":"basic-sample-network","rateControl":{"type":"fixed-rate","opts":{"tps":50}},"trim":0,"args":{"testAssets":50},"cb":"benchmark/composer/composer-samples/basic-sample-network.js","config":"/home/james/Git/dissertation/hyperledger/fabric/1org-network/composer/composer.json","root":"/home/james/Git/dissertation/hyperledger/caliper","numb":100,"txFile":{"roundLength":1,"roundCurrent":0,"readWrite":"no"},"roundIdx":2,"totalClients":1,"clients":1,"clientargs":{},"clientIdx":0}

2019-06-25T18:08:42+00:00 - INFO [local-client.js]: txUpdateTime: 1000 

2019-06-25T18:08:42+00:00 - INFO [composer.js]: getting  context for:  basic-sample-network 

2019-06-25T18:08:42+00:00 - INFO [local-client.js]: Info: client 20763 start test runFixedNumber():Basic Sample Network Performance Test 

2019-06-25T18:08:42+00:00 - DEBUG [rateControl.js]: Creating rate controller for client#0 for round#2
	{"type":"fixed-rate","opts":{"tps":50}}

2019-06-25T18:08:42+00:00 - INFO [demo.js]: [Transaction Info] - Submitted: 500 Succ: 25 Fail:475 Unfinished:0 

2019-06-25T18:08:43+00:00 - INFO [demo.js]: [Transaction Info] - Submitted: 500 Succ: 25 Fail:475 Unfinished:0 

2019-06-25T18:08:44+00:00 - INFO [demo.js]: [Transaction Info] - Submitted: 512 Succ: 25 Fail:475 Unfinished:12 

2019-06-25T18:08:45+00:00 - INFO [demo.js]: [Transaction Info] - Submitted: 562 Succ: 75 Fail:487 Unfinished:0 

2019-06-25T18:08:46+00:00 - DEBUG [report-builder]: r.create.max: 1561486126.518 r.create.min: 1561486124.538 r.final.max: 1561486125.591 r.final.min: 1561486124.804 r.final.last: 1561486126.532 

2019-06-25T18:08:46+00:00 - DEBUG [report-builder]:  throughput for only success time computed: 47.5 

2019-06-25T18:08:46+00:00 - DEBUG [report-builder]: sendTransactionProposal: 0ms length: 100 

2019-06-25T18:08:46+00:00 - DEBUG [report-builder]: sendTransaction: 0ms 

2019-06-25T18:08:46+00:00 - DEBUG [report-builder]: invokeLantency: 0ms 

2019-06-25T18:08:46+00:00 - INFO [report-builder]: ###test result:### 

2019-06-25T18:08:46+00:00 - INFO [report-builder]: 
+----------------------+------+------+-----------+-------------+-------------+-------------+------------+
| Name                 | Succ | Fail | Send Rate | Max Latency | Min Latency | Avg Latency | Throughput |
|----------------------|------|------|-----------|-------------|-------------|-------------|------------|
| basic-sample-network | 50   | 50   | 50.5 tps  | 0.27 s      | 0.07 s      | 0.17 s      | 25.1 tps   |
+----------------------+------+------+-----------+-------------+-------------+-------------+------------+
 

2019-06-25T18:08:46+00:00 - INFO [report-builder]: ### resource stats ### 

2019-06-25T18:08:46+00:00 - INFO [report-builder]: 
+---------+-----------------------------------+-------------+-------------+----------+----------+------------+-------------+-----------+------------+
| TYPE    | NAME                              | Memory(max) | Memory(avg) | CPU(max) | CPU(avg) | Traffic In | Traffic Out | Disc Read | Disc Write |
|---------|-----------------------------------|-------------|-------------|----------|----------|------------|-------------|-----------|------------|
| Process | node local-client.js(avg)         | -           | -           | NaN%     | NaN%     | -          | -           | -         | -          |
|---------|-----------------------------------|-------------|-------------|----------|----------|------------|-------------|-----------|------------|
| Docker  | dev-peer0.org1.example.co...0.1.0 | 102.0MB     | 74.5MB      | 8.41%    | 0.66%    | 210B       | 0B          | 0B        | 0B         |
|---------|-----------------------------------|-------------|-------------|----------|----------|------------|-------------|-----------|------------|
| Docker  | dev-peer0.org1.example.co...0.1.0 | 107.7MB     | 92.8MB      | 66.37%   | 29.71%   | 2.7MB      | 1.4MB       | 0B        | 0B         |
|---------|-----------------------------------|-------------|-------------|----------|----------|------------|-------------|-----------|------------|
| Docker  | peer0.org2.example.com            | 12.6MB      | 12.4MB      | 3.02%    | 2.46%    | 0B         | 0B          | 0B        | 0B         |
|---------|-----------------------------------|-------------|-------------|----------|----------|------------|-------------|-----------|------------|
| Docker  | peer0.org1.example.com            | 482.2MB     | 480.8MB     | 91.59%   | 26.65%   | 6.3MB      | 10.1MB      | 0B        | 848.0KB    |
|---------|-----------------------------------|-------------|-------------|----------|----------|------------|-------------|-----------|------------|
| Docker  | ca.org2.example.com               | 11.1MB      | 11.1MB      | 0.00%    | 0.00%    | 0B         | 0B          | 0B        | 0B         |
|---------|-----------------------------------|-------------|-------------|----------|----------|------------|-------------|-----------|------------|
| Docker  | couchdb.org2.example.com          | 108.4MB     | 108.0MB     | 3.52%    | 0.85%    | 0B         | 0B          | 0B        | 0B         |
|---------|-----------------------------------|-------------|-------------|----------|----------|------------|-------------|-----------|------------|
| Docker  | ca.org1.example.com               | 10.6MB      | 10.6MB      | 0.00%    | 0.00%    | 0B         | 0B          | 0B        | 0B         |
|---------|-----------------------------------|-------------|-------------|----------|----------|------------|-------------|-----------|------------|
| Docker  | orderer.example.com               | 15.7MB      | 14.8MB      | 16.55%   | 1.62%    | 572.6KB    | 586.5KB     | 0B        | 636.0KB    |
|---------|-----------------------------------|-------------|-------------|----------|----------|------------|-------------|-----------|------------|
| Docker  | couchdb.org1.example.com          | 125.6MB     | 120.4MB     | 193.77%  | 45.56%   | 1.4MB      | 3.3MB       | 0B        | 508.0KB    |
+---------+-----------------------------------+-------------+-------------+----------+----------+------------+-------------+-----------+------------+
 

2019-06-25T18:08:46+00:00 - INFO [defaultTest]: ------ Passed 'basic-sample-network' testing ------ 

2019-06-25T18:08:46+00:00 - INFO [caliper-flow]: ---------- Finished Test ----------
 

2019-06-25T18:08:46+00:00 - INFO [report-builder]: ###all test results:### 

2019-06-25T18:08:46+00:00 - INFO [report-builder]: 
+------+----------------------+------+------+-----------+-------------+-------------+-------------+------------+
| Test | Name                 | Succ | Fail | Send Rate | Max Latency | Min Latency | Avg Latency | Throughput |
|------|----------------------|------|------|-----------|-------------|-------------|-------------|------------|
| 1    | basic-sample-network | 25   | 475  | 25.1 tps  | 0.34 s      | 0.09 s      | 0.22 s      | 1.3 tps    |
|------|----------------------|------|------|-----------|-------------|-------------|-------------|------------|
| 2    | basic-sample-network | 50   | 50   | 50.5 tps  | 0.27 s      | 0.07 s      | 0.17 s      | 25.1 tps   |
+------+----------------------+------+------+-----------+-------------+-------------+-------------+------------+
 

2019-06-25T18:08:46+00:00 - INFO [monitor.js]: 
 ### resource stats (maximum) ### 

2019-06-25T18:08:46+00:00 - INFO [monitor.js]: 
+---------+-----------------------------------+-------------+----------+------------+-------------+-----------+------------+
| TYPE    | NAME                              | Memory(max) | CPU(max) | Traffic In | Traffic Out | Disc Read | Disc Write |
|---------|-----------------------------------|-------------|----------|------------|-------------|-----------|------------|
| Process | node local-client.js(avg)         | -           | NaN%     | -          | -           | -         | -          |
|---------|-----------------------------------|-------------|----------|------------|-------------|-----------|------------|
| Docker  | dev-peer0.org1.example.co...0.1.0 | 102.0MB     | 8.41%    | 210B       | 0B          | 0B        | 0B         |
|---------|-----------------------------------|-------------|----------|------------|-------------|-----------|------------|
| Docker  | dev-peer0.org1.example.co...0.1.0 | 107.7MB     | 66.37%   | 2.7MB      | 1.4MB       | 0B        | 0B         |
|---------|-----------------------------------|-------------|----------|------------|-------------|-----------|------------|
| Docker  | peer0.org2.example.com            | 12.6MB      | 3.02%    | 0B         | 0B          | 0B        | 0B         |
|---------|-----------------------------------|-------------|----------|------------|-------------|-----------|------------|
| Docker  | peer0.org1.example.com            | 482.2MB     | 91.59%   | 6.3MB      | 10.1MB      | 0B        | 848.0KB    |
|---------|-----------------------------------|-------------|----------|------------|-------------|-----------|------------|
| Docker  | ca.org2.example.com               | 11.1MB      | 0.00%    | 0B         | 0B          | 0B        | 0B         |
|---------|-----------------------------------|-------------|----------|------------|-------------|-----------|------------|
| Docker  | couchdb.org2.example.com          | 108.4MB     | 3.52%    | 0B         | 0B          | 0B        | 0B         |
|---------|-----------------------------------|-------------|----------|------------|-------------|-----------|------------|
| Docker  | ca.org1.example.com               | 10.6MB      | 0.00%    | 0B         | 0B          | 0B        | 0B         |
|---------|-----------------------------------|-------------|----------|------------|-------------|-----------|------------|
| Docker  | orderer.example.com               | 15.7MB      | 16.55%   | 572.6KB    | 586.5KB     | 0B        | 636.0KB    |
|---------|-----------------------------------|-------------|----------|------------|-------------|-----------|------------|
| Docker  | couchdb.org1.example.com          | 125.6MB     | 193.77%  | 1.4MB      | 3.3MB       | 0B        | 508.0KB    |
+---------+-----------------------------------+-------------+----------+------------+-------------+-----------+------------+
 

2019-06-25T18:08:46+00:00 - INFO [caliper-flow]: Generated report with path /home/james/Git/dissertation/hyperledger/caliper/report-20190625T180846.html 

2019-06-25T18:08:46+00:00 - INFO [demo.js]: [Transaction Info] - Submitted: 600 Succ: 75 Fail:525 Unfinished:0 

2019-06-25T18:08:46+00:00 - INFO [caliper-utils]: Executing command: cd /home/james/Git/dissertation/hyperledger/caliper;docker-compose -f network/fabric-v1.3/2org1peercouchdb/docker-compose.yaml down;(test -z "$(docker ps -aq)") || docker rm $(docker ps -aq);docker rmi $(docker images dev-* -q) 

2019-06-25T18:08:46+00:00 - INFO [client-util.js]: Client exited  

2019-06-25T18:08:58+00:00 - INFO [caliper-flow]: 

#######################################
# Test summary: 2 succeeded, 1 failed #
#######################################
 

2019-06-25T18:36:45+00:00 - DEBUG Constructed a winston logger with the specified targets:
	{"consolelogger":{"target":"console","level":"info"},"filelogger":{"target":"daily-rotate-file","level":"debug","filename":"log/caliper-%DATE%.log","datePattern":"YYYY-MM-DD-HH","maxSize":"5m","zippedArchive":true}}

2019-06-25T18:36:46+00:00 - INFO [caliper-flow]: ####### Caliper Test ####### 

2019-06-25T18:36:46+00:00 - INFO [caliper-utils]: Executing command: cd /home/james/Git/dissertation/hyperledger/caliper;docker-compose -f ../fabric/1org-network/composer/docker-compose.yaml up -d;sleep 3s 

2019-06-25T18:37:34+00:00 - DEBUG Constructed a winston logger with the specified targets:
	{"consolelogger":{"target":"console","level":"info"},"filelogger":{"target":"daily-rotate-file","level":"debug","filename":"log/caliper-%DATE%.log","datePattern":"YYYY-MM-DD-HH","maxSize":"5m","zippedArchive":true}}

2019-06-25T18:37:35+00:00 - INFO [caliper-flow]: ####### Caliper Test ####### 

2019-06-25T18:37:35+00:00 - INFO [caliper-utils]: Executing command: cd /home/james/Git/dissertation/hyperledger/caliper;docker-compose -f ../fabric/1org-network/composer/docker-compose.yaml up -d;sleep 3s 

2019-06-25T18:37:38+00:00 - INFO [composer.js]: Initializing target platform configuration 

2019-06-25T18:37:38+00:00 - ERROR [composer.js]: composer.init() failed at initialiseFabric(), 
	{"code":1,"stdout":"","stderr":"Error: No such container: peer0.org1.example.com\n"}

2019-06-25T18:37:38+00:00 - ERROR [composer.js]: composer.init() failed, 
	{"code":1,"stdout":"","stderr":"Error: No such container: peer0.org1.example.com\n"}

2019-06-25T18:37:38+00:00 - ERROR [caliper-flow]: Error: [object Object] 

2019-06-25T18:37:38+00:00 - INFO [demo.js]: [Transaction Info] - Submitted: 0 Succ: 0 Fail:0 Unfinished:0 

2019-06-25T18:37:38+00:00 - INFO [caliper-utils]: Executing command: cd /home/james/Git/dissertation/hyperledger/caliper;docker-compose -f ../fabric/1org-network/composer/docker-compose.yaml down;(test -z "$(docker ps -aq)") || docker rm $(docker ps -aq);docker rmi $(docker images dev-* -q) 

2019-06-25T18:37:39+00:00 - ERROR [caliper-utils]: Unsuccessful command execution. Error code: 1. Terminating signal: null 

2019-06-25T18:39:22+00:00 - DEBUG Constructed a winston logger with the specified targets:
	{"consolelogger":{"target":"console","level":"info"},"filelogger":{"target":"daily-rotate-file","level":"debug","filename":"log/caliper-%DATE%.log","datePattern":"YYYY-MM-DD-HH","maxSize":"5m","zippedArchive":true}}

2019-06-25T18:39:22+00:00 - INFO [caliper-flow]: ####### Caliper Test ####### 

2019-06-25T18:39:22+00:00 - INFO [caliper-utils]: Executing command: cd /home/james/Git/dissertation/hyperledger/caliper;docker-compose -f ../fabric/1org-network/composer/docker-compose.yml up -d;sleep 3s 

2019-06-25T18:39:27+00:00 - INFO [composer.js]: Initializing target platform configuration 

2019-06-25T18:39:27+00:00 - ERROR [composer.js]: composer.init() failed at initialiseFabric(), 
	{"code":1,"stdout":"","stderr":"\u001b[33m2019-06-25 18:39:27.886 UTC [main] InitCmd -> WARN 001\u001b[0m CORE_LOGGING_LEVEL is no longer supported, please use the FABRIC_LOGGING_SPEC environment variable\n\u001b[33m2019-06-25 18:39:27.890 UTC [main] SetOrdererEnv -> WARN 002\u001b[0m CORE_LOGGING_LEVEL is no longer supported, please use the FABRIC_LOGGING_SPEC environment variable\n\u001b[34m2019-06-25 18:39:27.891 UTC [channelCmd] InitCmdFactory -> INFO 003\u001b[0m Endorser and orderer connections initialized\nError: channel create configuration tx file not found open /etc/hyperledger/configtx/mychannel.tx: no such file or directory\n"}

2019-06-25T18:39:27+00:00 - ERROR [composer.js]: composer.init() failed, 
	{"code":1,"stdout":"","stderr":"\u001b[33m2019-06-25 18:39:27.886 UTC [main] InitCmd -> WARN 001\u001b[0m CORE_LOGGING_LEVEL is no longer supported, please use the FABRIC_LOGGING_SPEC environment variable\n\u001b[33m2019-06-25 18:39:27.890 UTC [main] SetOrdererEnv -> WARN 002\u001b[0m CORE_LOGGING_LEVEL is no longer supported, please use the FABRIC_LOGGING_SPEC environment variable\n\u001b[34m2019-06-25 18:39:27.891 UTC [channelCmd] InitCmdFactory -> INFO 003\u001b[0m Endorser and orderer connections initialized\nError: channel create configuration tx file not found open /etc/hyperledger/configtx/mychannel.tx: no such file or directory\n"}

2019-06-25T18:39:27+00:00 - ERROR [caliper-flow]: Error: [object Object] 

2019-06-25T18:39:27+00:00 - INFO [demo.js]: [Transaction Info] - Submitted: 0 Succ: 0 Fail:0 Unfinished:0 

2019-06-25T18:39:27+00:00 - INFO [caliper-utils]: Executing command: cd /home/james/Git/dissertation/hyperledger/caliper;docker-compose -f ../fabric/1org-network/composer/docker-compose.yml down;(test -z "$(docker ps -aq)") || docker rm $(docker ps -aq);docker rmi $(docker images dev-* -q) 

2019-06-25T18:39:38+00:00 - ERROR [caliper-utils]: Unsuccessful command execution. Error code: 1. Terminating signal: null 

2019-06-25T18:43:57+00:00 - DEBUG Constructed a winston logger with the specified targets:
	{"consolelogger":{"target":"console","level":"info"},"filelogger":{"target":"daily-rotate-file","level":"debug","filename":"log/caliper-%DATE%.log","datePattern":"YYYY-MM-DD-HH","maxSize":"5m","zippedArchive":true}}

2019-06-25T18:43:57+00:00 - INFO [caliper-flow]: ####### Caliper Test ####### 

2019-06-25T18:43:57+00:00 - INFO [caliper-utils]: Executing command: cd /home/james/Git/dissertation/hyperledger/caliper;docker-compose -f ../fabric/1org-network/composer/docker-compose.yml up -d;sleep 3s 

2019-06-25T18:44:02+00:00 - INFO [composer.js]: Initializing target platform configuration 

2019-06-25T18:44:03+00:00 - ERROR [composer.js]: composer.init() failed at initialiseFabric(), 
	{"code":1,"stdout":"","stderr":"\u001b[33m2019-06-25 18:44:02.970 UTC [main] InitCmd -> WARN 001\u001b[0m CORE_LOGGING_LEVEL is no longer supported, please use the FABRIC_LOGGING_SPEC environment variable\n\u001b[33m2019-06-25 18:44:02.975 UTC [main] SetOrdererEnv -> WARN 002\u001b[0m CORE_LOGGING_LEVEL is no longer supported, please use the FABRIC_LOGGING_SPEC environment variable\n\u001b[34m2019-06-25 18:44:02.976 UTC [channelCmd] InitCmdFactory -> INFO 003\u001b[0m Endorser and orderer connections initialized\nError: channel create configuration tx file not found open /etc/hyperledger/configtx/mychannel.tx: no such file or directory\n"}

2019-06-25T18:44:03+00:00 - ERROR [composer.js]: composer.init() failed, 
	{"code":1,"stdout":"","stderr":"\u001b[33m2019-06-25 18:44:02.970 UTC [main] InitCmd -> WARN 001\u001b[0m CORE_LOGGING_LEVEL is no longer supported, please use the FABRIC_LOGGING_SPEC environment variable\n\u001b[33m2019-06-25 18:44:02.975 UTC [main] SetOrdererEnv -> WARN 002\u001b[0m CORE_LOGGING_LEVEL is no longer supported, please use the FABRIC_LOGGING_SPEC environment variable\n\u001b[34m2019-06-25 18:44:02.976 UTC [channelCmd] InitCmdFactory -> INFO 003\u001b[0m Endorser and orderer connections initialized\nError: channel create configuration tx file not found open /etc/hyperledger/configtx/mychannel.tx: no such file or directory\n"}

2019-06-25T18:44:03+00:00 - ERROR [caliper-flow]: Error: [object Object] 

2019-06-25T18:44:03+00:00 - INFO [demo.js]: [Transaction Info] - Submitted: 0 Succ: 0 Fail:0 Unfinished:0 

2019-06-25T18:44:03+00:00 - INFO [caliper-utils]: Executing command: cd /home/james/Git/dissertation/hyperledger/caliper;docker-compose -f ../fabric/1org-network/composer/docker-compose.yml down;(test -z "$(docker ps -aq)") || docker rm $(docker ps -aq);docker rmi $(docker images -q) 

2019-06-25T18:45:49+00:00 - DEBUG Constructed a winston logger with the specified targets:
	{"consolelogger":{"target":"console","level":"info"},"filelogger":{"target":"daily-rotate-file","level":"debug","filename":"log/caliper-%DATE%.log","datePattern":"YYYY-MM-DD-HH","maxSize":"5m","zippedArchive":true}}

2019-06-25T18:45:50+00:00 - INFO [caliper-flow]: ####### Caliper Test ####### 

2019-06-25T18:45:50+00:00 - INFO [caliper-utils]: Executing command: cd /home/james/Git/dissertation/hyperledger/caliper;docker-compose -f ../fabric/1org-network/composer/docker-compose.yml up -d;sleep 3s 

2019-06-25T18:45:54+00:00 - INFO [composer.js]: Initializing target platform configuration 

2019-06-25T18:45:54+00:00 - ERROR [composer.js]: composer.init() failed at initialiseFabric(), 
	{"code":1,"stdout":"","stderr":"\u001b[33m2019-06-25 18:45:54.913 UTC [main] InitCmd -> WARN 001\u001b[0m CORE_LOGGING_LEVEL is no longer supported, please use the FABRIC_LOGGING_SPEC environment variable\n\u001b[33m2019-06-25 18:45:54.917 UTC [main] SetOrdererEnv -> WARN 002\u001b[0m CORE_LOGGING_LEVEL is no longer supported, please use the FABRIC_LOGGING_SPEC environment variable\n\u001b[34m2019-06-25 18:45:54.918 UTC [channelCmd] InitCmdFactory -> INFO 003\u001b[0m Endorser and orderer connections initialized\nError: Invalid channel create transaction : mismatched channel ID composerchannel != mychannel\n"}

2019-06-25T18:45:54+00:00 - ERROR [composer.js]: composer.init() failed, 
	{"code":1,"stdout":"","stderr":"\u001b[33m2019-06-25 18:45:54.913 UTC [main] InitCmd -> WARN 001\u001b[0m CORE_LOGGING_LEVEL is no longer supported, please use the FABRIC_LOGGING_SPEC environment variable\n\u001b[33m2019-06-25 18:45:54.917 UTC [main] SetOrdererEnv -> WARN 002\u001b[0m CORE_LOGGING_LEVEL is no longer supported, please use the FABRIC_LOGGING_SPEC environment variable\n\u001b[34m2019-06-25 18:45:54.918 UTC [channelCmd] InitCmdFactory -> INFO 003\u001b[0m Endorser and orderer connections initialized\nError: Invalid channel create transaction : mismatched channel ID composerchannel != mychannel\n"}

2019-06-25T18:45:54+00:00 - ERROR [caliper-flow]: Error: [object Object] 

2019-06-25T18:45:54+00:00 - INFO [demo.js]: [Transaction Info] - Submitted: 0 Succ: 0 Fail:0 Unfinished:0 

2019-06-25T18:45:54+00:00 - INFO [caliper-utils]: Executing command: cd /home/james/Git/dissertation/hyperledger/caliper;docker-compose -f ../fabric/1org-network/composer/docker-compose.yml down;(test -z "$(docker ps -aq)") || docker rm $(docker ps -aq) 

2019-06-25T18:46:05+00:00 - INFO [caliper-flow]: 

#######################################
# Test summary: 0 succeeded, 0 failed #
#######################################
 

2019-06-25T18:46:31+00:00 - DEBUG Constructed a winston logger with the specified targets:
	{"consolelogger":{"target":"console","level":"info"},"filelogger":{"target":"daily-rotate-file","level":"debug","filename":"log/caliper-%DATE%.log","datePattern":"YYYY-MM-DD-HH","maxSize":"5m","zippedArchive":true}}

2019-06-25T18:46:31+00:00 - INFO [caliper-flow]: ####### Caliper Test ####### 

2019-06-25T18:46:31+00:00 - INFO [caliper-utils]: Executing command: cd /home/james/Git/dissertation/hyperledger/caliper;docker-compose -f ../fabric/1org-network/composer/docker-compose.yml up -d;sleep 3s 

2019-06-25T18:46:36+00:00 - INFO [composer.js]: Initializing target platform configuration 

2019-06-25T18:46:39+00:00 - ERROR [composer.js]: composer.init() failed, 
	{"errno":-2,"code":"ENOENT","syscall":"open","path":"/home/james/Git/dissertation/hyperledger/fabric/1org-network/composer/crypto-config/peerOrganizations/org1.example.com/users/Admin@org1.example.com/msp/keystore/key.pem"}

2019-06-25T18:46:39+00:00 - ERROR [caliper-flow]: Error: Error: ENOENT: no such file or directory, open '/home/james/Git/dissertation/hyperledger/fabric/1org-network/composer/crypto-config/peerOrganizations/org1.example.com/users/Admin@org1.example.com/msp/keystore/key.pem'
    at Object.fs.openSync (fs.js:646:18)
    at Object.fs.readFileSync (fs.js:551:33)
    at Object.createAdminBusNetCards (/home/james/.nvm/versions/node/v8.16.0/lib/node_modules/caliper-cli/node_modules/caliper-composer/lib/composer_utils.js:335:22)
    at <anonymous> 

2019-06-25T18:46:39+00:00 - INFO [demo.js]: [Transaction Info] - Submitted: 0 Succ: 0 Fail:0 Unfinished:0 

2019-06-25T18:46:39+00:00 - INFO [caliper-utils]: Executing command: cd /home/james/Git/dissertation/hyperledger/caliper;docker-compose -f ../fabric/1org-network/composer/docker-compose.yml down;(test -z "$(docker ps -aq)") || docker rm $(docker ps -aq) 

2019-06-25T18:46:50+00:00 - INFO [caliper-flow]: 

#######################################
# Test summary: 0 succeeded, 0 failed #
#######################################
 

2019-06-25T18:50:37+00:00 - DEBUG Constructed a winston logger with the specified targets:
	{"consolelogger":{"target":"console","level":"info"},"filelogger":{"target":"daily-rotate-file","level":"debug","filename":"log/caliper-%DATE%.log","datePattern":"YYYY-MM-DD-HH","maxSize":"5m","zippedArchive":true}}

2019-06-25T18:50:38+00:00 - INFO [caliper-flow]: ####### Caliper Test ####### 

2019-06-25T18:50:38+00:00 - INFO [caliper-utils]: Executing command: cd /home/james/Git/dissertation/hyperledger/caliper;docker-compose -f ../fabric/1org-network/composer/docker-compose.yml up -d;sleep 3s 

2019-06-25T18:50:42+00:00 - INFO [composer.js]: Initializing target platform configuration 

2019-06-25T18:50:46+00:00 - INFO [composer.js]: Deploying Composer 

2019-06-25T18:52:02+00:00 - INFO [composer.js]: Composer deployment complete 

2019-06-25T18:52:02+00:00 - INFO [caliper-flow]: Started monitor successfully 

2019-06-25T18:52:02+00:00 - INFO [defaultTest]: ####### Testing 'basic-sample-network' ####### 

2019-06-25T18:52:02+00:00 - INFO [defaultTest]: ------ Test round 1 ------ 

2019-06-25T18:52:02+00:00 - INFO [client-util.js]: All clients ready, starting test phase 

2019-06-25T18:52:02+00:00 - DEBUG Constructed a winston logger with the specified targets:
	{"consolelogger":{"target":"console","level":"info"},"filelogger":{"target":"daily-rotate-file","level":"debug","filename":"log/caliper-%DATE%.log","datePattern":"YYYY-MM-DD-HH","maxSize":"5m","zippedArchive":true}}

2019-06-25T18:52:03+00:00 - DEBUG [local-client.js]: doTest() with:
	{"type":"test","label":"basic-sample-network","rateControl":{"type":"fixed-rate","opts":{"tps":25}},"trim":0,"args":{"testAssets":25},"cb":"benchmark/composer/composer-samples/basic-sample-network.js","config":"/home/james/Git/dissertation/hyperledger/fabric/1org-network/composer/composer.json","root":"/home/james/Git/dissertation/hyperledger/caliper","numb":500,"txFile":{"roundLength":1,"roundCurrent":0,"readWrite":"no"},"roundIdx":1,"totalClients":1,"clients":1,"clientargs":{},"clientIdx":0}

2019-06-25T18:52:03+00:00 - INFO [local-client.js]: txUpdateTime: 1000 

2019-06-25T18:52:03+00:00 - INFO [composer.js]: getting  context for:  basic-sample-network 

2019-06-25T18:52:03+00:00 - INFO [demo.js]: [Transaction Info] - Submitted: 0 Succ: 0 Fail:0 Unfinished:0 

2019-06-25T18:52:03+00:00 - INFO [local-client.js]: Info: client 4340 start test runFixedNumber():Basic Sample Network Performance Test 

2019-06-25T18:52:03+00:00 - DEBUG [rateControl.js]: Creating rate controller for client#0 for round#1
	{"type":"fixed-rate","opts":{"tps":25}}

2019-06-25T18:52:04+00:00 - INFO [demo.js]: [Transaction Info] - Submitted: 0 Succ: 0 Fail:0 Unfinished:0 

2019-06-25T18:52:05+00:00 - INFO [demo.js]: [Transaction Info] - Submitted: 0 Succ: 0 Fail:0 Unfinished:0 

2019-06-25T18:52:06+00:00 - INFO [demo.js]: [Transaction Info] - Submitted: 2 Succ: 0 Fail:0 Unfinished:2 

2019-06-25T18:52:07+00:00 - INFO [demo.js]: [Transaction Info] - Submitted: 27 Succ: 20 Fail:1 Unfinished:6 

2019-06-25T18:52:08+00:00 - INFO [demo.js]: [Transaction Info] - Submitted: 52 Succ: 20 Fail:26 Unfinished:6 

2019-06-25T18:52:09+00:00 - INFO [demo.js]: [Transaction Info] - Submitted: 77 Succ: 25 Fail:51 Unfinished:1 

2019-06-25T18:52:10+00:00 - INFO [demo.js]: [Transaction Info] - Submitted: 102 Succ: 25 Fail:76 Unfinished:1 

2019-06-25T18:52:11+00:00 - INFO [demo.js]: [Transaction Info] - Submitted: 127 Succ: 25 Fail:101 Unfinished:1 

2019-06-25T18:52:12+00:00 - INFO [demo.js]: [Transaction Info] - Submitted: 152 Succ: 25 Fail:126 Unfinished:1 

2019-06-25T18:52:13+00:00 - INFO [demo.js]: [Transaction Info] - Submitted: 177 Succ: 25 Fail:151 Unfinished:1 

2019-06-25T18:52:14+00:00 - INFO [demo.js]: [Transaction Info] - Submitted: 202 Succ: 25 Fail:176 Unfinished:1 

2019-06-25T18:52:15+00:00 - INFO [demo.js]: [Transaction Info] - Submitted: 227 Succ: 25 Fail:201 Unfinished:1 

2019-06-25T18:52:16+00:00 - INFO [demo.js]: [Transaction Info] - Submitted: 252 Succ: 25 Fail:226 Unfinished:1 

2019-06-25T18:52:17+00:00 - INFO [demo.js]: [Transaction Info] - Submitted: 277 Succ: 25 Fail:251 Unfinished:1 

2019-06-25T18:52:18+00:00 - INFO [demo.js]: [Transaction Info] - Submitted: 302 Succ: 25 Fail:276 Unfinished:1 

2019-06-25T18:52:19+00:00 - INFO [demo.js]: [Transaction Info] - Submitted: 327 Succ: 25 Fail:301 Unfinished:1 

2019-06-25T18:52:20+00:00 - INFO [demo.js]: [Transaction Info] - Submitted: 352 Succ: 25 Fail:326 Unfinished:1 

2019-06-25T18:52:21+00:00 - INFO [demo.js]: [Transaction Info] - Submitted: 377 Succ: 25 Fail:351 Unfinished:1 

2019-06-25T18:52:22+00:00 - INFO [demo.js]: [Transaction Info] - Submitted: 402 Succ: 25 Fail:376 Unfinished:1 

2019-06-25T18:52:23+00:00 - INFO [demo.js]: [Transaction Info] - Submitted: 427 Succ: 25 Fail:401 Unfinished:1 

2019-06-25T18:52:24+00:00 - INFO [demo.js]: [Transaction Info] - Submitted: 452 Succ: 25 Fail:426 Unfinished:1 

2019-06-25T18:52:25+00:00 - INFO [demo.js]: [Transaction Info] - Submitted: 477 Succ: 25 Fail:451 Unfinished:1 

2019-06-25T18:52:26+00:00 - DEBUG [report-builder]: r.create.max: 1561488746.174 r.create.min: 1561488726.214 r.final.max: 1561488729.085 r.final.min: 1561488726.67 r.final.last: 1561488746.189 

2019-06-25T18:52:26+00:00 - DEBUG [report-builder]:  throughput for only success time computed: 8.7 

2019-06-25T18:52:26+00:00 - DEBUG [report-builder]: sendTransactionProposal: 0ms length: 500 

2019-06-25T18:52:26+00:00 - DEBUG [report-builder]: sendTransaction: 0ms 

2019-06-25T18:52:26+00:00 - DEBUG [report-builder]: invokeLantency: 0ms 

2019-06-25T18:52:26+00:00 - INFO [report-builder]: ###test result:### 

2019-06-25T18:52:26+00:00 - INFO [report-builder]: 
+----------------------+------+------+-----------+-------------+-------------+-------------+------------+
| Name                 | Succ | Fail | Send Rate | Max Latency | Min Latency | Avg Latency | Throughput |
|----------------------|------|------|-----------|-------------|-------------|-------------|------------|
| basic-sample-network | 25   | 475  | 25.1 tps  | 2.07 s      | 0.10 s      | 0.62 s      | 1.3 tps    |
+----------------------+------+------+-----------+-------------+-------------+-------------+------------+
 

2019-06-25T18:52:26+00:00 - INFO [report-builder]: ### resource stats ### 

2019-06-25T18:52:26+00:00 - INFO [report-builder]: 
+---------+-----------------------------------+-------------+-------------+----------+----------+------------+-------------+-----------+------------+
| TYPE    | NAME                              | Memory(max) | Memory(avg) | CPU(max) | CPU(avg) | Traffic In | Traffic Out | Disc Read | Disc Write |
|---------|-----------------------------------|-------------|-------------|----------|----------|------------|-------------|-----------|------------|
| Process | node local-client.js(avg)         | -           | -           | NaN%     | NaN%     | -          | -           | -         | -          |
|---------|-----------------------------------|-------------|-------------|----------|----------|------------|-------------|-----------|------------|
| Docker  | dev-peer0.org1.example.co...0.1.0 | 100.5MB     | 73.1MB      | 9.75%    | 0.89%    | 70B        | 0B          | 0B        | 0B         |
|---------|-----------------------------------|-------------|-------------|----------|----------|------------|-------------|-----------|------------|
| Docker  | dev-peer0.org1.example.co...0.1.0 | 104.8MB     | 84.7MB      | 40.15%   | 31.44%   | 1.8MB      | 841.3KB     | 0B        | 0B         |
|---------|-----------------------------------|-------------|-------------|----------|----------|------------|-------------|-----------|------------|
| Docker  | peer0.org1.example.com            | 408.1MB     | 406.1MB     | 29.75%   | 22.83%   | 3.0MB      | 3.9MB       | 0B        | 272.0KB    |
|---------|-----------------------------------|-------------|-------------|----------|----------|------------|-------------|-----------|------------|
| Docker  | couchdb                           | 119.1MB     | 118.5MB     | 30.99%   | 26.60%   | 590.4KB    | 1.3MB       | 0B        | 276.0KB    |
|---------|-----------------------------------|-------------|-------------|----------|----------|------------|-------------|-----------|------------|
| Docker  | ca.org1.example.com               | 10.5MB      | 10.5MB      | 0.00%    | 0.00%    | 42B        | 42B         | 0B        | 0B         |
|---------|-----------------------------------|-------------|-------------|----------|----------|------------|-------------|-----------|------------|
| Docker  | orderer.example.com               | 13.7MB      | 13.6MB      | 1.33%    | 0.15%    | 169.5KB    | 189.9KB     | 0B        | 204.0KB    |
+---------+-----------------------------------+-------------+-------------+----------+----------+------------+-------------+-----------+------------+
 

2019-06-25T18:52:26+00:00 - INFO [defaultTest]: ------ Passed 'basic-sample-network' testing ------ 

2019-06-25T18:52:26+00:00 - INFO [defaultTest]: Waiting 5 seconds for the next round... 

2019-06-25T18:52:26+00:00 - INFO [demo.js]: [Transaction Info] - Submitted: 500 Succ: 25 Fail:475 Unfinished:0 

2019-06-25T18:52:27+00:00 - INFO [demo.js]: [Transaction Info] - Submitted: 500 Succ: 25 Fail:475 Unfinished:0 

2019-06-25T18:52:28+00:00 - INFO [demo.js]: [Transaction Info] - Submitted: 500 Succ: 25 Fail:475 Unfinished:0 

2019-06-25T18:52:29+00:00 - INFO [demo.js]: [Transaction Info] - Submitted: 500 Succ: 25 Fail:475 Unfinished:0 

2019-06-25T18:52:30+00:00 - INFO [demo.js]: [Transaction Info] - Submitted: 500 Succ: 25 Fail:475 Unfinished:0 

2019-06-25T18:52:31+00:00 - ERROR [defaultTest]: ------ Failed 'basic-sample-network' testing with the following error ------
    TypeError: Cannot read property 'restart' of undefined
    at DefaultTest.runTestRounds (/home/james/.nvm/versions/node/v8.16.0/lib/node_modules/caliper-cli/node_modules/caliper-core/lib/test/defaultTest.js:135:40)
    at <anonymous> 

2019-06-25T18:52:31+00:00 - INFO [defaultTest]: ####### Testing 'basic-sample-network' ####### 

2019-06-25T18:52:31+00:00 - INFO [defaultTest]: ------ Test round 2 ------ 

2019-06-25T18:52:31+00:00 - INFO [client-util.js]: All clients ready, starting test phase 

2019-06-25T18:52:31+00:00 - DEBUG [local-client.js]: doTest() with:
	{"type":"test","label":"basic-sample-network","rateControl":{"type":"fixed-rate","opts":{"tps":50}},"trim":0,"args":{"testAssets":50},"cb":"benchmark/composer/composer-samples/basic-sample-network.js","config":"/home/james/Git/dissertation/hyperledger/fabric/1org-network/composer/composer.json","root":"/home/james/Git/dissertation/hyperledger/caliper","numb":100,"txFile":{"roundLength":1,"roundCurrent":0,"readWrite":"no"},"roundIdx":2,"totalClients":1,"clients":1,"clientargs":{},"clientIdx":0}

2019-06-25T18:52:31+00:00 - INFO [local-client.js]: txUpdateTime: 1000 

2019-06-25T18:52:31+00:00 - INFO [composer.js]: getting  context for:  basic-sample-network 

2019-06-25T18:52:31+00:00 - INFO [local-client.js]: Info: client 4340 start test runFixedNumber():Basic Sample Network Performance Test 

2019-06-25T18:52:31+00:00 - DEBUG [rateControl.js]: Creating rate controller for client#0 for round#2
	{"type":"fixed-rate","opts":{"tps":50}}

2019-06-25T18:52:31+00:00 - INFO [demo.js]: [Transaction Info] - Submitted: 500 Succ: 25 Fail:475 Unfinished:0 

2019-06-25T18:52:32+00:00 - INFO [demo.js]: [Transaction Info] - Submitted: 500 Succ: 25 Fail:475 Unfinished:0 

2019-06-25T18:52:33+00:00 - INFO [demo.js]: [Transaction Info] - Submitted: 500 Succ: 25 Fail:475 Unfinished:0 

2019-06-25T18:52:34+00:00 - INFO [demo.js]: [Transaction Info] - Submitted: 500 Succ: 25 Fail:475 Unfinished:0 

2019-06-25T18:52:35+00:00 - INFO [demo.js]: [Transaction Info] - Submitted: 500 Succ: 25 Fail:475 Unfinished:0 

2019-06-25T18:52:36+00:00 - INFO [demo.js]: [Transaction Info] - Submitted: 500 Succ: 25 Fail:475 Unfinished:0 

2019-06-25T18:52:37+00:00 - INFO [demo.js]: [Transaction Info] - Submitted: 537 Succ: 55 Fail:475 Unfinished:7 

2019-06-25T18:52:38+00:00 - INFO [demo.js]: [Transaction Info] - Submitted: 600 Succ: 75 Fail:525 Unfinished:0 

2019-06-25T18:52:38+00:00 - DEBUG [report-builder]: r.create.max: 1561488758.69 r.create.min: 1561488756.709 r.final.max: 1561488757.755 r.final.min: 1561488756.961 r.final.last: 1561488758.703 

2019-06-25T18:52:38+00:00 - DEBUG [report-builder]:  throughput for only success time computed: 47.8 

2019-06-25T18:52:38+00:00 - DEBUG [report-builder]: sendTransactionProposal: 0ms length: 100 

2019-06-25T18:52:38+00:00 - DEBUG [report-builder]: sendTransaction: 0ms 

2019-06-25T18:52:38+00:00 - DEBUG [report-builder]: invokeLantency: 0ms 

2019-06-25T18:52:38+00:00 - INFO [report-builder]: ###test result:### 

2019-06-25T18:52:38+00:00 - INFO [report-builder]: 
+----------------------+------+------+-----------+-------------+-------------+-------------+------------+
| Name                 | Succ | Fail | Send Rate | Max Latency | Min Latency | Avg Latency | Throughput |
|----------------------|------|------|-----------|-------------|-------------|-------------|------------|
| basic-sample-network | 50   | 50   | 50.5 tps  | 0.27 s      | 0.07 s      | 0.16 s      | 25.1 tps   |
+----------------------+------+------+-----------+-------------+-------------+-------------+------------+
 

2019-06-25T18:52:38+00:00 - INFO [report-builder]: ### resource stats ### 

2019-06-25T18:52:38+00:00 - INFO [report-builder]: 
+---------+-----------------------------------+-------------+-------------+----------+----------+------------+-------------+-----------+------------+
| TYPE    | NAME                              | Memory(max) | Memory(avg) | CPU(max) | CPU(avg) | Traffic In | Traffic Out | Disc Read | Disc Write |
|---------|-----------------------------------|-------------|-------------|----------|----------|------------|-------------|-----------|------------|
| Process | node local-client.js(avg)         | -           | -           | NaN%     | NaN%     | -          | -           | -         | -          |
|---------|-----------------------------------|-------------|-------------|----------|----------|------------|-------------|-----------|------------|
| Docker  | dev-peer0.org1.example.co...0.1.0 | 100.5MB     | 71.0MB      | 9.75%    | 0.57%    | 140B       | 0B          | 0B        | 0B         |
|---------|-----------------------------------|-------------|-------------|----------|----------|------------|-------------|-----------|------------|
| Docker  | dev-peer0.org1.example.co...0.1.0 | 106.2MB     | 92.1MB      | 57.99%   | 26.94%   | 2.4MB      | 1.2MB       | 0B        | 0B         |
|---------|-----------------------------------|-------------|-------------|----------|----------|------------|-------------|-----------|------------|
| Docker  | peer0.org1.example.com            | 408.2MB     | 406.7MB     | 56.02%   | 22.31%   | 4.2MB      | 5.9MB       | 0B        | 464.0KB    |
|---------|-----------------------------------|-------------|-------------|----------|----------|------------|-------------|-----------|------------|
| Docker  | couchdb                           | 122.2MB     | 119.0MB     | 63.07%   | 27.93%   | 860.9KB    | 1.9MB       | 0B        | 368.0KB    |
|---------|-----------------------------------|-------------|-------------|----------|----------|------------|-------------|-----------|------------|
| Docker  | ca.org1.example.com               | 10.5MB      | 10.5MB      | 0.00%    | 0.00%    | 42B        | 42B         | 0B        | 0B         |
|---------|-----------------------------------|-------------|-------------|----------|----------|------------|-------------|-----------|------------|
| Docker  | orderer.example.com               | 14.5MB      | 13.7MB      | 5.02%    | 0.42%    | 326.7KB    | 313.2KB     | 0B        | 344.0KB    |
+---------+-----------------------------------+-------------+-------------+----------+----------+------------+-------------+-----------+------------+
 

2019-06-25T18:52:38+00:00 - INFO [defaultTest]: ------ Passed 'basic-sample-network' testing ------ 

2019-06-25T18:52:38+00:00 - INFO [caliper-flow]: ---------- Finished Test ----------
 

2019-06-25T18:52:38+00:00 - INFO [report-builder]: ###all test results:### 

2019-06-25T18:52:38+00:00 - INFO [report-builder]: 
+------+----------------------+------+------+-----------+-------------+-------------+-------------+------------+
| Test | Name                 | Succ | Fail | Send Rate | Max Latency | Min Latency | Avg Latency | Throughput |
|------|----------------------|------|------|-----------|-------------|-------------|-------------|------------|
| 1    | basic-sample-network | 25   | 475  | 25.1 tps  | 2.07 s      | 0.10 s      | 0.62 s      | 1.3 tps    |
|------|----------------------|------|------|-----------|-------------|-------------|-------------|------------|
| 2    | basic-sample-network | 50   | 50   | 50.5 tps  | 0.27 s      | 0.07 s      | 0.16 s      | 25.1 tps   |
+------+----------------------+------+------+-----------+-------------+-------------+-------------+------------+
 

2019-06-25T18:52:38+00:00 - INFO [monitor.js]: 
 ### resource stats (maximum) ### 

2019-06-25T18:52:38+00:00 - INFO [monitor.js]: 
+---------+-----------------------------------+-------------+----------+------------+-------------+-----------+------------+
| TYPE    | NAME                              | Memory(max) | CPU(max) | Traffic In | Traffic Out | Disc Read | Disc Write |
|---------|-----------------------------------|-------------|----------|------------|-------------|-----------|------------|
| Process | node local-client.js(avg)         | -           | NaN%     | -          | -           | -         | -          |
|---------|-----------------------------------|-------------|----------|------------|-------------|-----------|------------|
| Docker  | dev-peer0.org1.example.co...0.1.0 | 100.5MB     | 9.75%    | 140B       | 0B          | 0B        | 0B         |
|---------|-----------------------------------|-------------|----------|------------|-------------|-----------|------------|
| Docker  | dev-peer0.org1.example.co...0.1.0 | 106.2MB     | 57.99%   | 2.4MB      | 1.2MB       | 0B        | 0B         |
|---------|-----------------------------------|-------------|----------|------------|-------------|-----------|------------|
| Docker  | peer0.org1.example.com            | 408.2MB     | 56.02%   | 4.2MB      | 5.9MB       | 0B        | 464.0KB    |
|---------|-----------------------------------|-------------|----------|------------|-------------|-----------|------------|
| Docker  | couchdb                           | 122.2MB     | 63.07%   | 860.9KB    | 1.9MB       | 0B        | 368.0KB    |
|---------|-----------------------------------|-------------|----------|------------|-------------|-----------|------------|
| Docker  | ca.org1.example.com               | 10.5MB      | 0.00%    | 42B        | 42B         | 0B        | 0B         |
|---------|-----------------------------------|-------------|----------|------------|-------------|-----------|------------|
| Docker  | orderer.example.com               | 14.5MB      | 5.02%    | 326.7KB    | 313.2KB     | 0B        | 344.0KB    |
+---------+-----------------------------------+-------------+----------+------------+-------------+-----------+------------+
 

2019-06-25T18:52:39+00:00 - INFO [caliper-flow]: Generated report with path /home/james/Git/dissertation/hyperledger/caliper/report-20190625T185239.html 

2019-06-25T18:52:39+00:00 - INFO [demo.js]: [Transaction Info] - Submitted: 600 Succ: 75 Fail:525 Unfinished:0 

2019-06-25T18:52:39+00:00 - INFO [caliper-utils]: Executing command: cd /home/james/Git/dissertation/hyperledger/caliper;docker-compose -f ../fabric/1org-network/composer/docker-compose.yml down;(test -z "$(docker ps -aq)") || docker rm $(docker ps -aq) 

2019-06-25T18:52:39+00:00 - INFO [client-util.js]: Client exited  

2019-06-25T18:52:50+00:00 - INFO [caliper-flow]: 

#######################################
# Test summary: 2 succeeded, 1 failed #
#######################################
 

